#
# A fatal error has been detected by the Java Runtime Environment:
#
#  EXCEPTION_ACCESS_VIOLATION (0xc0000005) at pc=0x0000025e075579d1, pid=3668, tid=5824
#
# JRE version: Java(TM) SE Runtime Environment (19.0.1+10) (build 19.0.1+10-21)
# Java VM: Java HotSpot(TM) 64-Bit Server VM (19.0.1+10-21, mixed mode, sharing, tiered, compressed oops, compressed class ptrs, g1 gc, windows-amd64)
# Problematic frame:
# j  org.apache.maven.model.interpolation.StringVisitorModelInterpolator$ModelVisitor.visit(Lorg/apache/maven/model/Model;)V+16
#
# No core dump will be written. Minidumps are not enabled by default on client versions of Windows
#
# If you would like to submit a bug report, please visit:
#   https://bugreport.java.com/bugreport/crash.jsp
#

---------------  S U M M A R Y ------------

Command Line: -Dmaven.multiModuleProjectDirectory=D:\Programas\Java\Spring Boot\Proyectos\curso -Djansi.passthrough=true -Dmaven.home=C:\Users\Legato\.m2\wrapper\dists\apache-maven-3.8.7-bin\1ktonn2lleg549uah6ngl1r74r\apache-maven-3.8.7 -Dclassworlds.conf=C:\Users\Legato\.m2\wrapper\dists\apache-maven-3.8.7-bin\1ktonn2lleg549uah6ngl1r74r\apache-maven-3.8.7\bin\m2.conf -Dmaven.ext.class.path=D:\Programas\InteliJ IDEA\IntelliJ IDEA Community Edition 2022.3.2\plugins\maven\lib\maven-event-listener.jar -javaagent:D:\Programas\InteliJ IDEA\IntelliJ IDEA Community Edition 2022.3.2\lib\idea_rt.jar=65292:D:\Programas\InteliJ IDEA\IntelliJ IDEA Community Edition 2022.3.2\bin -Dfile.encoding=UTF-8 -Dsun.stdout.encoding=UTF-8 -Dsun.stderr.encoding=UTF-8 org.codehaus.classworlds.Launcher -Didea.version=2022.3.2 org.springframework.boot:spring-boot-maven-plugin:2.7.9:run

Host: AMD Ryzen 5 1500X Quad-Core Processor          , 8 cores, 7G,  Windows 10 , 64 bit Build 19041 (10.0.19041.2546)
Time: Mon Mar  6 23:47:16 2023 Hora est. Pacífico, Sudamérica elapsed time: 1.696644 seconds (0d 0h 0m 1s)

---------------  T H R E A D  ---------------

Current thread (0x0000025e77bde770):  JavaThread "main" [_thread_in_Java, id=5824, stack(0x000000b9c7c00000,0x000000b9c7d00000)]

Stack: [0x000000b9c7c00000,0x000000b9c7d00000],  sp=0x000000b9c7cfd2e8,  free space=1012k
Native frames: (J=compiled Java code, j=interpreted, Vv=VM code, C=native code)
C  0x0000025e075579d1


siginfo: EXCEPTION_ACCESS_VIOLATION (0xc0000005), reading address 0xffffffffffffffff


Registers:
RAX=0x0000000000000000, RBX=0x00000000000000dc, RCX=0x0000025e173db1c0, RDX=0x0000000000000008
RSP=0x000000b9c7cfd2e8, RBP=0x000000b9c7cfd330, RSI=0x000000008162eec0, RDI=0x0000000085573dc8
R8 =0x0000000085580198, R9 =0x0000000000000038, R10=0x00007ffc7cb72ea0, R11=0x0000000085573db8
R12=0x0000000000000000, R13=0x0000025e173dae26, R14=0x000000b9c7cfd3f8, R15=0x0000025e77bde770
RIP=0x0000025e075579d1, EFLAGS=0x0000000000010202


Register to memory mapping:

RIP=0x0000025e075579d1 is at code_begin+337 in an Interpreter codelet
if_acmpeq  165 if_acmpeq  [0x0000025e07557880, 0x0000025e07557ba8]  808 bytes
RAX=0x0 is NULL
RBX=0x00000000000000dc is an unknown value
RCX={method} {0x0000025e173db1c8} 'visit' '(Lorg/apache/maven/model/Model;)V' in 'org/apache/maven/model/interpolation/StringVisitorModelInterpolator$ModelVisitor'
RDX=0x0000000000000008 is an unknown value
RSP=0x000000b9c7cfd2e8 is pointing into the stack for thread: 0x0000025e77bde770
RBP=0x000000b9c7cfd330 is pointing into the stack for thread: 0x0000025e77bde770
RSI=0x000000008162eec0 is pointing into object: [B 
{0x000000008162eeb0} - klass: {type array byte}
 - length: 2
RDI=
[error occurred during error reporting (printing register info), id 0xc0000005, EXCEPTION_ACCESS_VIOLATION (0xc0000005) at pc=0x00007ffc7c292406]

Top of Stack: (sp=0x000000b9c7cfd2e8)
0x000000b9c7cfd2e8:   000000b9c7cfd2e8 0000025e173dae18
0x000000b9c7cfd2f8:   000000b9c7cfd3f8 0000025e173e0000
0x000000b9c7cfd308:   0000000000000000 000000008897b618
0x000000b9c7cfd318:   0000025e173db1c0 0000000000000000
0x000000b9c7cfd328:   000000b9c7cfd3f0 000000b9c7cfd448
0x000000b9c7cfd338:   0000025e0754b796 0000000000000000
0x000000b9c7cfd348:   0000000000000000 0000000000000000
0x000000b9c7cfd358:   0000000000000000 0000000000000000
0x000000b9c7cfd368:   0000000000000000 0000000000000000
0x000000b9c7cfd378:   0000000000000000 0000000000000000
0x000000b9c7cfd388:   0000000000000000 0000000000000000
0x000000b9c7cfd398:   0000000000000000 0000000000000000
0x000000b9c7cfd3a8:   0000000000000000 0000000000000000
0x000000b9c7cfd3b8:   0000000000000000 0000000000000000
0x000000b9c7cfd3c8:   0000000000000000 0000000000000000
0x000000b9c7cfd3d8:   0000000000000000 0000000085573da0 

Instructions: (pc=0x0000025e075579d1)
0x0000025e075578d1:   85 c0 0f 85 b4 00 00 00 52 51 e8 05 00 00 00 e9
0x0000025e075578e1:   99 00 00 00 48 8b d1 48 8d 44 24 08 4c 89 6d c0
0x0000025e075578f1:   49 8b cf c5 f8 77 49 89 af d0 02 00 00 49 89 87
0x0000025e07557901:   c0 02 00 00 48 83 ec 20 40 f6 c4 0f 0f 84 1a 00
0x0000025e07557911:   00 00 48 83 ec 08 49 ba 10 ac 34 7c fc 7f 00 00
0x0000025e07557921:   41 ff d2 48 83 c4 08 e9 0d 00 00 00 49 ba 10 ac
0x0000025e07557931:   34 7c fc 7f 00 00 41 ff d2 48 83 c4 20 49 c7 87
0x0000025e07557941:   c0 02 00 00 00 00 00 00 49 c7 87 d0 02 00 00 00
0x0000025e07557951:   00 00 00 49 c7 87 c8 02 00 00 00 00 00 00 c5 f8
0x0000025e07557961:   77 49 81 7f 08 00 00 00 00 0f 84 05 00 00 00 e9
0x0000025e07557971:   8b 95 fd ff 4c 8b 6d c0 4c 8b 75 c8 c3 59 5a 48
0x0000025e07557981:   8b 41 18 48 85 c0 0f 84 3f 00 00 00 48 8b 59 10
0x0000025e07557991:   48 85 db 74 20 8b 83 d0 00 00 00 83 c0 02 89 83
0x0000025e075579a1:   d0 00 00 00 23 83 e4 00 00 00 0f 84 44 00 00 00
0x0000025e075579b1:   e9 16 00 00 00 48 8b 49 18 8b 41 0c 83 c0 02 89
0x0000025e075579c1:   41 0c 23 41 24 0f 84 29 00 00 00 41 0f b6 5d 00
0x0000025e075579d1:   41 f6 87 78 03 00 00 01 74 0c 49 ba a0 d6 b7 7c
0x0000025e075579e1:   fc 7f 00 00 eb 0a 49 ba a0 36 b7 7c fc 7f 00 00
0x0000025e075579f1:   41 ff 24 da 48 f7 da 49 03 d5 e8 05 00 00 00 e9
0x0000025e07557a01:   96 00 00 00 48 8d 44 24 08 4c 89 6d c0 49 8b cf
0x0000025e07557a11:   c5 f8 77 49 89 af d0 02 00 00 49 89 87 c0 02 00
0x0000025e07557a21:   00 48 83 ec 20 40 f6 c4 0f 0f 84 1a 00 00 00 48
0x0000025e07557a31:   83 ec 08 49 ba 70 b6 34 7c fc 7f 00 00 41 ff d2
0x0000025e07557a41:   48 83 c4 08 e9 0d 00 00 00 49 ba 70 b6 34 7c fc
0x0000025e07557a51:   7f 00 00 41 ff d2 48 83 c4 20 49 c7 87 c0 02 00
0x0000025e07557a61:   00 00 00 00 00 49 c7 87 d0 02 00 00 00 00 00 00
0x0000025e07557a71:   49 c7 87 c8 02 00 00 00 00 00 00 c5 f8 77 49 81
0x0000025e07557a81:   7f 08 00 00 00 00 0f 84 05 00 00 00 e9 6e 94 fd
0x0000025e07557a91:   ff 4c 8b 6d c0 4c 8b 75 c8 c3 48 85 c0 0f 84 28
0x0000025e07557aa1:   ff ff ff 80 b8 3f 01 00 00 00 0f 85 1b ff ff ff
0x0000025e07557ab1:   48 8b d8 e8 05 00 00 00 e9 96 00 00 00 48 8d 44
0x0000025e07557ac1:   24 08 4c 89 6d c0 49 8b cf c5 f8 77 49 89 af d0 


Stack slot to memory mapping:
stack at sp + 0 slots: 0x000000b9c7cfd2e8 is pointing into the stack for thread: 0x0000025e77bde770
stack at sp + 1 slots: 0x0000025e173dae18 is pointing into metadata
stack at sp + 2 slots: 0x000000b9c7cfd3f8 is pointing into the stack for thread: 0x0000025e77bde770
stack at sp + 3 slots: 0x0000025e173e0000 is pointing into metadata
stack at sp + 4 slots: 0x0 is NULL
stack at sp + 5 slots: 0x000000008897b618 is an oop: java.lang.Class 
{0x000000008897b618} - klass: 'java/lang/Class'
 - ---- fields (total size 14 words):
 - private volatile transient 'classRedefinedCount' 'I' @12  0
 - abstract internal 'klass' 'J' @16  34378179312 (11962f0 8)
 - abstract internal 'array_klass' 'J' @24  0 (0 0)
 - abstract internal 'oop_size' 'I' @32  14 (e)
 - abstract internal 'static_oop_field_count' 'I' @36  0
 - private volatile transient 'cachedConstructor' 'Ljava/lang/reflect/Constructor;' @40  NULL (0)
 - private transient 'name' 'Ljava/lang/String;' @44  "org.apache.maven.model.interpolation.StringVisitorModelInterpolator$ModelVisitor"{0x000000008897b698} (8897b698)
 - private transient 'module' 'Ljava/lang/Module;' @48  a 'java/lang/Module'{0x00000000814a8bc8} (814a8bc8)
 - private final 'classLoader' 'Ljava/lang/ClassLoader;' @52  a 'org/codehaus/plexus/classworlds/realm/ClassRealm'{0x00000000814968e0} (814968e0)
 - private transient 'classData' 'Ljava/lang/Object;' @56  NULL (0)
 - private transient 'packageName' 'Ljava/lang/String;' @60  "org.apache.maven.model.interpolation"{0x0000000087168970} (87168970)
 - private final 'componentType' 'Ljava/lang/Class;' @64  NULL (0)
 - private volatile transient 'reflectionData' 'Ljava/lang/ref/SoftReference;' @68  NULL (0)
 - private volatile transient 'genericInfo' 'Lsun/reflect/generics/repository/ClassRepository;' @72  NULL (0)
 - private volatile transient 'enumConstants' '[Ljava/lang/Object;' @76  NULL (0)
 - private volatile transient 'enumConstantDirectory' 'Ljava/util/Map;' @80  NULL (0)
 - private volatile transient 'annotationData' 'Ljava/lang/Class$AnnotationData;' @84  NULL (0)
 - private volatile transient 'annotationType' 'Lsun/reflect/annotation/AnnotationType;' @88  NULL (0)
 - transient 'classValueMap' 'Ljava/lang/ClassValue$ClassValueMap;' @92  NULL (0)
 - abstract internal 'protection_domain' 'Ljava/lang/Object;' @96  a 'java/security/ProtectionDomain'{0x000000008713aae8} (8713aae8)
 - abstract internal 'signers_name' 'Ljava/lang/Object;' @100  NULL (0)
 - abstract internal 'source_file' 'Ljava/lang/Object;' @104  NULL (0)
 - signature: Lorg/apache/maven/model/interpolation/StringVisitorModelInterpolator$ModelVisitor;
 - ---- static fields (0):
stack at sp + 6 slots: {method} {0x0000025e173db1c8} 'visit' '(Lorg/apache/maven/model/Model;)V' in 'org/apache/maven/model/interpolation/StringVisitorModelInterpolator$ModelVisitor'
stack at sp + 7 slots: 0x0 is NULL

if_acmpeq  165 if_acmpeq  [0x0000025e07557880, 0x0000025e07557ba8]  808 bytes
[MachCode]
  0x0000025e07557880: 585a 483b | d00f 85e2 | 0200 0048 | 8b4d e848 | 8b45 d848 | 85c0 0f84 | 1800 0000 | 488b 5808 
  0x0000025e075578a0: 4883 c301 | 4883 db00 | 4889 5808 | 4803 4010 | 4889 45d8 | 410f bf55 | 010f cac1 | fa10 4863 
  0x0000025e075578c0: d24c 03ea | 85d2 0f89 | 0001 0000 | 488b 4118 | 4885 c00f | 85b4 0000 | 0052 51e8 | 0500 0000 
  0x0000025e075578e0: e999 0000 | 0048 8bd1 | 488d 4424 | 084c 896d | c049 8bcf | c5f8 7749 | 89af d002 | 0000 4989 
  0x0000025e07557900: 87c0 0200 | 0048 83ec | 2040 f6c4 | 0f0f 841a | 0000 0048 | 83ec 0849 | ba10 ac34 | 7cfc 7f00 
  0x0000025e07557920: 0041 ffd2 | 4883 c408 | e90d 0000 | 0049 ba10 | ac34 7cfc | 7f00 0041 | ffd2 4883 | c420 49c7 
  0x0000025e07557940: 87c0 0200 | 0000 0000 | 0049 c787 | d002 0000 | 0000 0000 | 49c7 87c8 | 0200 0000 | 0000 00c5 
  0x0000025e07557960: f877 4981 | 7f08 0000 | 0000 0f84 | 0500 0000 | e98b 95fd | ff4c 8b6d | c04c 8b75 | c8c3 595a 
  0x0000025e07557980: 488b 4118 | 4885 c00f | 843f 0000 | 0048 8b59 | 1048 85db | 7420 8b83 | d000 0000 | 83c0 0289 
  0x0000025e075579a0: 83d0 0000 | 0023 83e4 | 0000 000f | 8444 0000 | 00e9 1600 | 0000 488b | 4918 8b41 | 0c83 c002 
  0x0000025e075579c0: 8941 0c23 | 4124 0f84 | 2900 0000 | 410f b65d | 0041 f687 | 7803 0000 | 0174 0c49 | baa0 d6b7 
  0x0000025e075579e0: 7cfc 7f00 | 00eb 0a49 | baa0 36b7 | 7cfc 7f00 | 0041 ff24 | da48 f7da | 4903 d5e8 | 0500 0000 
  0x0000025e07557a00: e996 0000 | 0048 8d44 | 2408 4c89 | 6dc0 498b | cfc5 f877 | 4989 afd0 | 0200 0049 | 8987 c002 
  0x0000025e07557a20: 0000 4883 | ec20 40f6 | c40f 0f84 | 1a00 0000 | 4883 ec08 | 49ba 70b6 | 347c fc7f | 0000 41ff 
  0x0000025e07557a40: d248 83c4 | 08e9 0d00 | 0000 49ba | 70b6 347c | fc7f 0000 | 41ff d248 | 83c4 2049 | c787 c002 
  0x0000025e07557a60: 0000 0000 | 0000 49c7 | 87d0 0200 | 0000 0000 | 0049 c787 | c802 0000 | 0000 0000 | c5f8 7749 
  0x0000025e07557a80: 817f 0800 | 0000 000f | 8405 0000 | 00e9 6e94 | fdff 4c8b | 6dc0 4c8b | 75c8 c348 | 85c0 0f84 
  0x0000025e07557aa0: 28ff ffff | 80b8 3f01 | 0000 000f | 851b ffff | ff48 8bd8 | e805 0000 | 00e9 9600 | 0000 488d 
  0x0000025e07557ac0: 4424 084c | 896d c049 | 8bcf c5f8 | 7749 89af | d002 0000 | 4989 87c0 | 0200 0048 | 83ec 2040 
  0x0000025e07557ae0: f6c4 0f0f | 841a 0000 | 0048 83ec | 0849 ba30 | 166c 7cfc | 7f00 0041 | ffd2 4883 | c408 e90d 
  0x0000025e07557b00: 0000 0049 | ba30 166c | 7cfc 7f00 | 0041 ffd2 | 4883 c420 | 49c7 87c0 | 0200 0000 | 0000 0049 
  0x0000025e07557b20: c787 d002 | 0000 0000 | 0000 49c7 | 87c8 0200 | 0000 0000 | 00c5 f877 | 4981 7f08 | 0000 0000 
  0x0000025e07557b40: 0f84 0500 | 0000 e9b5 | 93fd ff4c | 8b6d c04c | 8b75 c8c3 | 488b d04c | 8b45 f8c9 | 4159 498b 
  0x0000025e07557b60: e048 83e4 | f041 51ff | a3f0 0000 | 0048 8b45 | d848 85c0 | 0f84 1200 | 0000 4883 | 4018 0148 
  0x0000025e07557b80: 8358 1800 | 4883 c020 | 4889 45d8 | 410f b65d | 0349 83c5 | 0349 baa0 | 36b7 7cfc | 7f00 0041 
  0x0000025e07557ba0: ff24 da0f | 1f44 0000 
[/MachCode]

---------------  P R O C E S S  ---------------

Threads class SMR info:
_java_thread_list=0x0000025e1b46db90, length=15, elements={
0x0000025e77bde770, 0x0000025e1647a990, 0x0000025e1647b920, 0x0000025e1647f0c0,
0x0000025e16480ba0, 0x0000025e164814d0, 0x0000025e16482280, 0x0000025e16487910,
0x0000025e16491440, 0x0000025e1649c590, 0x0000025e1644bfe0, 0x0000025e1a9f94c0,
0x0000025e1a9f9e00, 0x0000025e1ad15fa0, 0x0000025e1b35b060
}

Java Threads: ( => current thread )
=>0x0000025e77bde770 JavaThread "main" [_thread_in_Java, id=5824, stack(0x000000b9c7c00000,0x000000b9c7d00000)]
  0x0000025e1647a990 JavaThread "Reference Handler" daemon [_thread_blocked, id=10304, stack(0x000000b9c8300000,0x000000b9c8400000)]
  0x0000025e1647b920 JavaThread "Finalizer" daemon [_thread_blocked, id=11936, stack(0x000000b9c8400000,0x000000b9c8500000)]
  0x0000025e1647f0c0 JavaThread "Signal Dispatcher" daemon [_thread_blocked, id=8124, stack(0x000000b9c8500000,0x000000b9c8600000)]
  0x0000025e16480ba0 JavaThread "Attach Listener" daemon [_thread_blocked, id=1844, stack(0x000000b9c8600000,0x000000b9c8700000)]
  0x0000025e164814d0 JavaThread "Service Thread" daemon [_thread_blocked, id=8632, stack(0x000000b9c8700000,0x000000b9c8800000)]
  0x0000025e16482280 JavaThread "Monitor Deflation Thread" daemon [_thread_blocked, id=2004, stack(0x000000b9c8800000,0x000000b9c8900000)]
  0x0000025e16487910 JavaThread "C2 CompilerThread0" daemon [_thread_blocked, id=7620, stack(0x000000b9c8900000,0x000000b9c8a00000)]
  0x0000025e16491440 JavaThread "C1 CompilerThread0" daemon [_thread_blocked, id=12072, stack(0x000000b9c8a00000,0x000000b9c8b00000)]
  0x0000025e1649c590 JavaThread "Sweeper thread" daemon [_thread_blocked, id=10580, stack(0x000000b9c8b00000,0x000000b9c8c00000)]
  0x0000025e1644bfe0 JavaThread "Common-Cleaner" daemon [_thread_blocked, id=3844, stack(0x000000b9c8c00000,0x000000b9c8d00000)]
  0x0000025e1a9f94c0 JavaThread "Monitor Ctrl-Break" daemon [_thread_in_native, id=5348, stack(0x000000b9c8d00000,0x000000b9c8e00000)]
  0x0000025e1a9f9e00 JavaThread "Notification Thread" daemon [_thread_blocked, id=11324, stack(0x000000b9c8e00000,0x000000b9c8f00000)]
  0x0000025e1ad15fa0 JavaThread "C2 CompilerThread1" daemon [_thread_in_native, id=3416, stack(0x000000b9c9000000,0x000000b9c9100000)]
  0x0000025e1b35b060 JavaThread "C2 CompilerThread2" daemon [_thread_blocked, id=7120, stack(0x000000b9c9100000,0x000000b9c9200000)]

Other Threads:
  0x0000025e1645ffb0 VMThread "VM Thread" [stack: 0x000000b9c8200000,0x000000b9c8300000] [id=11556]
  0x0000025e1a9fd230 WatcherThread "VM Periodic Task Thread" [stack: 0x000000b9c8f00000,0x000000b9c9000000] [id=10188]
  0x0000025e77c3ca60 WorkerThread "GC Thread#0" [stack: 0x000000b9c7d00000,0x000000b9c7e00000] [id=8116]
  0x0000025e1b9057d0 WorkerThread "GC Thread#1" [stack: 0x000000b9c9200000,0x000000b9c9300000] [id=2424]
  0x0000025e1b905500 WorkerThread "GC Thread#2" [stack: 0x000000b9c9300000,0x000000b9c9400000] [id=7556]
  0x0000025e1b903e80 WorkerThread "GC Thread#3" [stack: 0x000000b9c9400000,0x000000b9c9500000] [id=5844]
  0x0000025e1b9046f0 WorkerThread "GC Thread#4" [stack: 0x000000b9c9500000,0x000000b9c9600000] [id=9956]
  0x0000025e1b9049c0 WorkerThread "GC Thread#5" [stack: 0x000000b9c9600000,0x000000b9c9700000] [id=7688]
  0x0000025e1b905230 WorkerThread "GC Thread#6" [stack: 0x000000b9c9700000,0x000000b9c9800000] [id=8704]
  0x0000025e1b904150 WorkerThread "GC Thread#7" [stack: 0x000000b9c9800000,0x000000b9c9900000] [id=9320]
  0x0000025e77c4e800 ConcurrentGCThread "G1 Main Marker" [stack: 0x000000b9c7e00000,0x000000b9c7f00000] [id=10408]
  0x0000025e77c508f0 WorkerThread "G1 Conc#0" [stack: 0x000000b9c7f00000,0x000000b9c8000000] [id=2632]
  0x0000025e163160e0 ConcurrentGCThread "G1 Refine#0" [stack: 0x000000b9c8000000,0x000000b9c8100000] [id=3260]
  0x0000025e163168d0 ConcurrentGCThread "G1 Service" [stack: 0x000000b9c8100000,0x000000b9c8200000] [id=8236]

Threads with active compile tasks:
C2 CompilerThread1     1797 3482   !   4       org.codehaus.plexus.interpolation.StringSearchInterpolator::interpolate (668 bytes)

VM state: not at safepoint (normal execution)

VM Mutex/Monitor currently owned by a thread: None

Heap address: 0x0000000081400000, size: 2028 MB, Compressed Oops mode: 32-bit

CDS archive(s) mapped at: [0x0000000800000000-0x0000000800c40000-0x0000000800c40000), size 12845056, SharedBaseAddress: 0x0000000800000000, ArchiveRelocationMode: 0.
Compressed class space mapped at: 0x0000000801000000-0x0000000841000000, reserved size: 1073741824
Narrow klass base: 0x0000000800000000, Narrow klass shift: 0, Narrow klass range: 0x100000000

GC Precious Log:
 CardTable entry size: 512
 Card Set container configuration: InlinePtr #cards 5 size 8 Array Of Cards #cards 12 size 40 Howl #buckets 4 coarsen threshold 1843 Howl Bitmap #cards 512 size 80 coarsen threshold 460 Card regions per heap region 1 cards per card region 2048
 CPUs: 8 total, 8 available
 Memory: 8105M
 Large Page Support: Disabled
 NUMA Support: Disabled
 Compressed Oops: Enabled (32-bit)
 Heap Region Size: 1M
 Heap Min Capacity: 8M
 Heap Initial Capacity: 128M
 Heap Max Capacity: 2028M
 Pre-touch: Disabled
 Parallel Workers: 8
 Concurrent Workers: 2
 Concurrent Refinement Workers: 8
 Periodic GC: Disabled

Heap:
 garbage-first heap   total 131072K, used 66806K [0x0000000081400000, 0x0000000100000000)
  region size 1024K, 63 young (64512K), 3 survivors (3072K)
 Metaspace       used 14050K, committed 14400K, reserved 1114112K
  class space    used 1527K, committed 1664K, reserved 1048576K

Heap Regions: E=young(eden), S=young(survivor), O=old, HS=humongous(starts), HC=humongous(continues), CS=collection set, F=free, OA=open archive, CA=closed archive, TAMS=top-at-mark-start (previous, next)
|   0|0x0000000081400000, 0x0000000081500000, 0x0000000081500000|100%| O|  |TAMS 0x0000000081400000, 0x0000000081400000| Untracked 
|   1|0x0000000081500000, 0x0000000081600000, 0x0000000081600000|100%| O|  |TAMS 0x0000000081500000, 0x0000000081500000| Untracked 
|   2|0x0000000081600000, 0x0000000081700000, 0x0000000081700000|100%| O|  |TAMS 0x0000000081600000, 0x0000000081600000| Untracked 
|   3|0x0000000081700000, 0x0000000081766000, 0x0000000081800000| 39%| O|  |TAMS 0x0000000081700000, 0x0000000081700000| Untracked 
|   4|0x0000000081800000, 0x0000000081800000, 0x0000000081900000|  0%| F|  |TAMS 0x0000000081800000, 0x0000000081800000| Untracked 
|   5|0x0000000081900000, 0x0000000081900000, 0x0000000081a00000|  0%| F|  |TAMS 0x0000000081900000, 0x0000000081900000| Untracked 
|   6|0x0000000081a00000, 0x0000000081a00000, 0x0000000081b00000|  0%| F|  |TAMS 0x0000000081a00000, 0x0000000081a00000| Untracked 
|   7|0x0000000081b00000, 0x0000000081b00000, 0x0000000081c00000|  0%| F|  |TAMS 0x0000000081b00000, 0x0000000081b00000| Untracked 
|   8|0x0000000081c00000, 0x0000000081c00000, 0x0000000081d00000|  0%| F|  |TAMS 0x0000000081c00000, 0x0000000081c00000| Untracked 
|   9|0x0000000081d00000, 0x0000000081d00000, 0x0000000081e00000|  0%| F|  |TAMS 0x0000000081d00000, 0x0000000081d00000| Untracked 
|  10|0x0000000081e00000, 0x0000000081e00000, 0x0000000081f00000|  0%| F|  |TAMS 0x0000000081e00000, 0x0000000081e00000| Untracked 
|  11|0x0000000081f00000, 0x0000000081f00000, 0x0000000082000000|  0%| F|  |TAMS 0x0000000081f00000, 0x0000000081f00000| Untracked 
|  12|0x0000000082000000, 0x0000000082000000, 0x0000000082100000|  0%| F|  |TAMS 0x0000000082000000, 0x0000000082000000| Untracked 
|  13|0x0000000082100000, 0x0000000082100000, 0x0000000082200000|  0%| F|  |TAMS 0x0000000082100000, 0x0000000082100000| Untracked 
|  14|0x0000000082200000, 0x0000000082200000, 0x0000000082300000|  0%| F|  |TAMS 0x0000000082200000, 0x0000000082200000| Untracked 
|  15|0x0000000082300000, 0x0000000082300000, 0x0000000082400000|  0%| F|  |TAMS 0x0000000082300000, 0x0000000082300000| Untracked 
|  16|0x0000000082400000, 0x0000000082400000, 0x0000000082500000|  0%| F|  |TAMS 0x0000000082400000, 0x0000000082400000| Untracked 
|  17|0x0000000082500000, 0x0000000082500000, 0x0000000082600000|  0%| F|  |TAMS 0x0000000082500000, 0x0000000082500000| Untracked 
|  18|0x0000000082600000, 0x0000000082600000, 0x0000000082700000|  0%| F|  |TAMS 0x0000000082600000, 0x0000000082600000| Untracked 
|  19|0x0000000082700000, 0x0000000082700000, 0x0000000082800000|  0%| F|  |TAMS 0x0000000082700000, 0x0000000082700000| Untracked 
|  20|0x0000000082800000, 0x0000000082800000, 0x0000000082900000|  0%| F|  |TAMS 0x0000000082800000, 0x0000000082800000| Untracked 
|  21|0x0000000082900000, 0x0000000082900000, 0x0000000082a00000|  0%| F|  |TAMS 0x0000000082900000, 0x0000000082900000| Untracked 
|  22|0x0000000082a00000, 0x0000000082a00000, 0x0000000082b00000|  0%| F|  |TAMS 0x0000000082a00000, 0x0000000082a00000| Untracked 
|  23|0x0000000082b00000, 0x0000000082b00000, 0x0000000082c00000|  0%| F|  |TAMS 0x0000000082b00000, 0x0000000082b00000| Untracked 
|  24|0x0000000082c00000, 0x0000000082c00000, 0x0000000082d00000|  0%| F|  |TAMS 0x0000000082c00000, 0x0000000082c00000| Untracked 
|  25|0x0000000082d00000, 0x0000000082d00000, 0x0000000082e00000|  0%| F|  |TAMS 0x0000000082d00000, 0x0000000082d00000| Untracked 
|  26|0x0000000082e00000, 0x0000000082e00000, 0x0000000082f00000|  0%| F|  |TAMS 0x0000000082e00000, 0x0000000082e00000| Untracked 
|  27|0x0000000082f00000, 0x0000000082f00000, 0x0000000083000000|  0%| F|  |TAMS 0x0000000082f00000, 0x0000000082f00000| Untracked 
|  28|0x0000000083000000, 0x0000000083000000, 0x0000000083100000|  0%| F|  |TAMS 0x0000000083000000, 0x0000000083000000| Untracked 
|  29|0x0000000083100000, 0x0000000083100000, 0x0000000083200000|  0%| F|  |TAMS 0x0000000083100000, 0x0000000083100000| Untracked 
|  30|0x0000000083200000, 0x0000000083200000, 0x0000000083300000|  0%| F|  |TAMS 0x0000000083200000, 0x0000000083200000| Untracked 
|  31|0x0000000083300000, 0x0000000083300000, 0x0000000083400000|  0%| F|  |TAMS 0x0000000083300000, 0x0000000083300000| Untracked 
|  32|0x0000000083400000, 0x0000000083400000, 0x0000000083500000|  0%| F|  |TAMS 0x0000000083400000, 0x0000000083400000| Untracked 
|  33|0x0000000083500000, 0x0000000083500000, 0x0000000083600000|  0%| F|  |TAMS 0x0000000083500000, 0x0000000083500000| Untracked 
|  34|0x0000000083600000, 0x0000000083600000, 0x0000000083700000|  0%| F|  |TAMS 0x0000000083600000, 0x0000000083600000| Untracked 
|  35|0x0000000083700000, 0x0000000083700000, 0x0000000083800000|  0%| F|  |TAMS 0x0000000083700000, 0x0000000083700000| Untracked 
|  36|0x0000000083800000, 0x0000000083800000, 0x0000000083900000|  0%| F|  |TAMS 0x0000000083800000, 0x0000000083800000| Untracked 
|  37|0x0000000083900000, 0x0000000083900000, 0x0000000083a00000|  0%| F|  |TAMS 0x0000000083900000, 0x0000000083900000| Untracked 
|  38|0x0000000083a00000, 0x0000000083a00000, 0x0000000083b00000|  0%| F|  |TAMS 0x0000000083a00000, 0x0000000083a00000| Untracked 
|  39|0x0000000083b00000, 0x0000000083b00000, 0x0000000083c00000|  0%| F|  |TAMS 0x0000000083b00000, 0x0000000083b00000| Untracked 
|  40|0x0000000083c00000, 0x0000000083c00000, 0x0000000083d00000|  0%| F|  |TAMS 0x0000000083c00000, 0x0000000083c00000| Untracked 
|  41|0x0000000083d00000, 0x0000000083d00000, 0x0000000083e00000|  0%| F|  |TAMS 0x0000000083d00000, 0x0000000083d00000| Untracked 
|  42|0x0000000083e00000, 0x0000000083e00000, 0x0000000083f00000|  0%| F|  |TAMS 0x0000000083e00000, 0x0000000083e00000| Untracked 
|  43|0x0000000083f00000, 0x0000000083f00000, 0x0000000084000000|  0%| F|  |TAMS 0x0000000083f00000, 0x0000000083f00000| Untracked 
|  44|0x0000000084000000, 0x0000000084000000, 0x0000000084100000|  0%| F|  |TAMS 0x0000000084000000, 0x0000000084000000| Untracked 
|  45|0x0000000084100000, 0x0000000084100000, 0x0000000084200000|  0%| F|  |TAMS 0x0000000084100000, 0x0000000084100000| Untracked 
|  46|0x0000000084200000, 0x0000000084200000, 0x0000000084300000|  0%| F|  |TAMS 0x0000000084200000, 0x0000000084200000| Untracked 
|  47|0x0000000084300000, 0x0000000084300000, 0x0000000084400000|  0%| F|  |TAMS 0x0000000084300000, 0x0000000084300000| Untracked 
|  48|0x0000000084400000, 0x0000000084400000, 0x0000000084500000|  0%| F|  |TAMS 0x0000000084400000, 0x0000000084400000| Untracked 
|  49|0x0000000084500000, 0x0000000084500000, 0x0000000084600000|  0%| F|  |TAMS 0x0000000084500000, 0x0000000084500000| Untracked 
|  50|0x0000000084600000, 0x0000000084600000, 0x0000000084700000|  0%| F|  |TAMS 0x0000000084600000, 0x0000000084600000| Untracked 
|  51|0x0000000084700000, 0x0000000084700000, 0x0000000084800000|  0%| F|  |TAMS 0x0000000084700000, 0x0000000084700000| Untracked 
|  52|0x0000000084800000, 0x0000000084800000, 0x0000000084900000|  0%| F|  |TAMS 0x0000000084800000, 0x0000000084800000| Untracked 
|  53|0x0000000084900000, 0x0000000084900000, 0x0000000084a00000|  0%| F|  |TAMS 0x0000000084900000, 0x0000000084900000| Untracked 
|  54|0x0000000084a00000, 0x0000000084a00000, 0x0000000084b00000|  0%| F|  |TAMS 0x0000000084a00000, 0x0000000084a00000| Untracked 
|  55|0x0000000084b00000, 0x0000000084b00000, 0x0000000084c00000|  0%| F|  |TAMS 0x0000000084b00000, 0x0000000084b00000| Untracked 
|  56|0x0000000084c00000, 0x0000000084c00000, 0x0000000084d00000|  0%| F|  |TAMS 0x0000000084c00000, 0x0000000084c00000| Untracked 
|  57|0x0000000084d00000, 0x0000000084d00000, 0x0000000084e00000|  0%| F|  |TAMS 0x0000000084d00000, 0x0000000084d00000| Untracked 
|  58|0x0000000084e00000, 0x0000000084e00000, 0x0000000084f00000|  0%| F|  |TAMS 0x0000000084e00000, 0x0000000084e00000| Untracked 
|  59|0x0000000084f00000, 0x0000000084f00000, 0x0000000085000000|  0%| F|  |TAMS 0x0000000084f00000, 0x0000000084f00000| Untracked 
|  60|0x0000000085000000, 0x0000000085000000, 0x0000000085100000|  0%| F|  |TAMS 0x0000000085000000, 0x0000000085000000| Untracked 
|  61|0x0000000085100000, 0x0000000085100000, 0x0000000085200000|  0%| F|  |TAMS 0x0000000085100000, 0x0000000085100000| Untracked 
|  62|0x0000000085200000, 0x0000000085200000, 0x0000000085300000|  0%| F|  |TAMS 0x0000000085200000, 0x0000000085200000| Untracked 
|  63|0x0000000085300000, 0x0000000085300000, 0x0000000085400000|  0%| F|  |TAMS 0x0000000085300000, 0x0000000085300000| Untracked 
|  64|0x0000000085400000, 0x0000000085400000, 0x0000000085500000|  0%| F|  |TAMS 0x0000000085400000, 0x0000000085400000| Untracked 
|  65|0x0000000085500000, 0x0000000085582010, 0x0000000085600000| 50%| E|  |TAMS 0x0000000085500000, 0x0000000085500000| Complete 
|  66|0x0000000085600000, 0x0000000085700000, 0x0000000085700000|100%| E|CS|TAMS 0x0000000085600000, 0x0000000085600000| Complete 
|  67|0x0000000085700000, 0x0000000085800000, 0x0000000085800000|100%| E|CS|TAMS 0x0000000085700000, 0x0000000085700000| Complete 
|  68|0x0000000085800000, 0x0000000085900000, 0x0000000085900000|100%| E|CS|TAMS 0x0000000085800000, 0x0000000085800000| Complete 
|  69|0x0000000085900000, 0x0000000085a00000, 0x0000000085a00000|100%| E|CS|TAMS 0x0000000085900000, 0x0000000085900000| Complete 
|  70|0x0000000085a00000, 0x0000000085b00000, 0x0000000085b00000|100%| E|CS|TAMS 0x0000000085a00000, 0x0000000085a00000| Complete 
|  71|0x0000000085b00000, 0x0000000085c00000, 0x0000000085c00000|100%| E|CS|TAMS 0x0000000085b00000, 0x0000000085b00000| Complete 
|  72|0x0000000085c00000, 0x0000000085d00000, 0x0000000085d00000|100%| E|CS|TAMS 0x0000000085c00000, 0x0000000085c00000| Complete 
|  73|0x0000000085d00000, 0x0000000085e00000, 0x0000000085e00000|100%| E|CS|TAMS 0x0000000085d00000, 0x0000000085d00000| Complete 
|  74|0x0000000085e00000, 0x0000000085f00000, 0x0000000085f00000|100%| E|CS|TAMS 0x0000000085e00000, 0x0000000085e00000| Complete 
|  75|0x0000000085f00000, 0x0000000086000000, 0x0000000086000000|100%| E|CS|TAMS 0x0000000085f00000, 0x0000000085f00000| Complete 
|  76|0x0000000086000000, 0x0000000086100000, 0x0000000086100000|100%| E|CS|TAMS 0x0000000086000000, 0x0000000086000000| Complete 
|  77|0x0000000086100000, 0x0000000086200000, 0x0000000086200000|100%| E|CS|TAMS 0x0000000086100000, 0x0000000086100000| Complete 
|  78|0x0000000086200000, 0x0000000086300000, 0x0000000086300000|100%| E|CS|TAMS 0x0000000086200000, 0x0000000086200000| Complete 
|  79|0x0000000086300000, 0x0000000086400000, 0x0000000086400000|100%| E|CS|TAMS 0x0000000086300000, 0x0000000086300000| Complete 
|  80|0x0000000086400000, 0x0000000086500000, 0x0000000086500000|100%| E|CS|TAMS 0x0000000086400000, 0x0000000086400000| Complete 
|  81|0x0000000086500000, 0x0000000086600000, 0x0000000086600000|100%| E|CS|TAMS 0x0000000086500000, 0x0000000086500000| Complete 
|  82|0x0000000086600000, 0x0000000086700000, 0x0000000086700000|100%| E|CS|TAMS 0x0000000086600000, 0x0000000086600000| Complete 
|  83|0x0000000086700000, 0x0000000086800000, 0x0000000086800000|100%| E|CS|TAMS 0x0000000086700000, 0x0000000086700000| Complete 
|  84|0x0000000086800000, 0x0000000086900000, 0x0000000086900000|100%| E|CS|TAMS 0x0000000086800000, 0x0000000086800000| Complete 
|  85|0x0000000086900000, 0x0000000086a00000, 0x0000000086a00000|100%| E|CS|TAMS 0x0000000086900000, 0x0000000086900000| Complete 
|  86|0x0000000086a00000, 0x0000000086b00000, 0x0000000086b00000|100%| E|CS|TAMS 0x0000000086a00000, 0x0000000086a00000| Complete 
|  87|0x0000000086b00000, 0x0000000086c00000, 0x0000000086c00000|100%| E|CS|TAMS 0x0000000086b00000, 0x0000000086b00000| Complete 
|  88|0x0000000086c00000, 0x0000000086d00000, 0x0000000086d00000|100%| E|CS|TAMS 0x0000000086c00000, 0x0000000086c00000| Complete 
|  89|0x0000000086d00000, 0x0000000086e00000, 0x0000000086e00000|100%| E|CS|TAMS 0x0000000086d00000, 0x0000000086d00000| Complete 
|  90|0x0000000086e00000, 0x0000000086f00000, 0x0000000086f00000|100%| E|CS|TAMS 0x0000000086e00000, 0x0000000086e00000| Complete 
|  91|0x0000000086f00000, 0x0000000086fd79b0, 0x0000000087000000| 84%| S|CS|TAMS 0x0000000086f00000, 0x0000000086f00000| Complete 
|  92|0x0000000087000000, 0x0000000087100000, 0x0000000087100000|100%| S|CS|TAMS 0x0000000087000000, 0x0000000087000000| Complete 
|  93|0x0000000087100000, 0x0000000087200000, 0x0000000087200000|100%| S|CS|TAMS 0x0000000087100000, 0x0000000087100000| Complete 
|  94|0x0000000087200000, 0x0000000087300000, 0x0000000087300000|100%| E|CS|TAMS 0x0000000087200000, 0x0000000087200000| Complete 
|  95|0x0000000087300000, 0x0000000087400000, 0x0000000087400000|100%| E|CS|TAMS 0x0000000087300000, 0x0000000087300000| Complete 
|  96|0x0000000087400000, 0x0000000087500000, 0x0000000087500000|100%| E|CS|TAMS 0x0000000087400000, 0x0000000087400000| Complete 
|  97|0x0000000087500000, 0x0000000087600000, 0x0000000087600000|100%| E|CS|TAMS 0x0000000087500000, 0x0000000087500000| Complete 
|  98|0x0000000087600000, 0x0000000087700000, 0x0000000087700000|100%| E|CS|TAMS 0x0000000087600000, 0x0000000087600000| Complete 
|  99|0x0000000087700000, 0x0000000087800000, 0x0000000087800000|100%| E|CS|TAMS 0x0000000087700000, 0x0000000087700000| Complete 
| 100|0x0000000087800000, 0x0000000087900000, 0x0000000087900000|100%| E|CS|TAMS 0x0000000087800000, 0x0000000087800000| Complete 
| 101|0x0000000087900000, 0x0000000087a00000, 0x0000000087a00000|100%| E|CS|TAMS 0x0000000087900000, 0x0000000087900000| Complete 
| 102|0x0000000087a00000, 0x0000000087b00000, 0x0000000087b00000|100%| E|CS|TAMS 0x0000000087a00000, 0x0000000087a00000| Complete 
| 103|0x0000000087b00000, 0x0000000087c00000, 0x0000000087c00000|100%| E|CS|TAMS 0x0000000087b00000, 0x0000000087b00000| Complete 
| 104|0x0000000087c00000, 0x0000000087d00000, 0x0000000087d00000|100%| E|CS|TAMS 0x0000000087c00000, 0x0000000087c00000| Complete 
| 105|0x0000000087d00000, 0x0000000087e00000, 0x0000000087e00000|100%| E|CS|TAMS 0x0000000087d00000, 0x0000000087d00000| Complete 
| 106|0x0000000087e00000, 0x0000000087f00000, 0x0000000087f00000|100%| E|CS|TAMS 0x0000000087e00000, 0x0000000087e00000| Complete 
| 107|0x0000000087f00000, 0x0000000088000000, 0x0000000088000000|100%| E|CS|TAMS 0x0000000087f00000, 0x0000000087f00000| Complete 
| 108|0x0000000088000000, 0x0000000088100000, 0x0000000088100000|100%| E|CS|TAMS 0x0000000088000000, 0x0000000088000000| Complete 
| 109|0x0000000088100000, 0x0000000088200000, 0x0000000088200000|100%| E|CS|TAMS 0x0000000088100000, 0x0000000088100000| Complete 
| 110|0x0000000088200000, 0x0000000088300000, 0x0000000088300000|100%| E|CS|TAMS 0x0000000088200000, 0x0000000088200000| Complete 
| 111|0x0000000088300000, 0x0000000088400000, 0x0000000088400000|100%| E|CS|TAMS 0x0000000088300000, 0x0000000088300000| Complete 
| 112|0x0000000088400000, 0x0000000088500000, 0x0000000088500000|100%| E|CS|TAMS 0x0000000088400000, 0x0000000088400000| Complete 
| 113|0x0000000088500000, 0x0000000088600000, 0x0000000088600000|100%| E|CS|TAMS 0x0000000088500000, 0x0000000088500000| Complete 
| 114|0x0000000088600000, 0x0000000088700000, 0x0000000088700000|100%| E|CS|TAMS 0x0000000088600000, 0x0000000088600000| Complete 
| 115|0x0000000088700000, 0x0000000088800000, 0x0000000088800000|100%| E|CS|TAMS 0x0000000088700000, 0x0000000088700000| Complete 
| 116|0x0000000088800000, 0x0000000088900000, 0x0000000088900000|100%| E|CS|TAMS 0x0000000088800000, 0x0000000088800000| Complete 
| 117|0x0000000088900000, 0x0000000088a00000, 0x0000000088a00000|100%| E|CS|TAMS 0x0000000088900000, 0x0000000088900000| Complete 
| 118|0x0000000088a00000, 0x0000000088b00000, 0x0000000088b00000|100%| E|CS|TAMS 0x0000000088a00000, 0x0000000088a00000| Complete 
| 119|0x0000000088b00000, 0x0000000088c00000, 0x0000000088c00000|100%| E|CS|TAMS 0x0000000088b00000, 0x0000000088b00000| Complete 
| 120|0x0000000088c00000, 0x0000000088d00000, 0x0000000088d00000|100%| E|CS|TAMS 0x0000000088c00000, 0x0000000088c00000| Complete 
| 121|0x0000000088d00000, 0x0000000088e00000, 0x0000000088e00000|100%| E|CS|TAMS 0x0000000088d00000, 0x0000000088d00000| Complete 
| 122|0x0000000088e00000, 0x0000000088f00000, 0x0000000088f00000|100%| E|CS|TAMS 0x0000000088e00000, 0x0000000088e00000| Complete 
| 123|0x0000000088f00000, 0x0000000089000000, 0x0000000089000000|100%| E|CS|TAMS 0x0000000088f00000, 0x0000000088f00000| Complete 
| 124|0x0000000089000000, 0x0000000089100000, 0x0000000089100000|100%| E|CS|TAMS 0x0000000089000000, 0x0000000089000000| Complete 
| 125|0x0000000089100000, 0x0000000089200000, 0x0000000089200000|100%| E|CS|TAMS 0x0000000089100000, 0x0000000089100000| Complete 
| 126|0x0000000089200000, 0x0000000089300000, 0x0000000089300000|100%| E|CS|TAMS 0x0000000089200000, 0x0000000089200000| Complete 
| 127|0x0000000089300000, 0x0000000089400000, 0x0000000089400000|100%| E|CS|TAMS 0x0000000089300000, 0x0000000089300000| Complete 

Card table byte_map: [0x0000025e0f400000,0x0000025e0f800000] _byte_map_base: 0x0000025e0eff6000

Marking Bits (Prev, Next): (CMBitMap*) 0x0000025e77c3dfb0, (CMBitMap*) 0x0000025e77c3dff0
 Prev Bits: [0x0000025e0fc00000, 0x0000025e11bb0000)
 Next Bits: [0x0000025e11bb0000, 0x0000025e13b60000)

Polling page: 0x0000025e75bf0000

Metaspace:

Usage:
  Non-class:     12.23 MB used.
      Class:      1.49 MB used.
       Both:     13.72 MB used.

Virtual space:
  Non-class space:       64.00 MB reserved,      12.44 MB ( 19%) committed,  1 nodes.
      Class space:        1.00 GB reserved,       1.62 MB ( <1%) committed,  1 nodes.
             Both:        1.06 GB reserved,      14.06 MB (  1%) committed. 

Chunk freelists:
   Non-Class:  3.17 MB
       Class:  2.34 MB
        Both:  5.51 MB

MaxMetaspaceSize: unlimited
CompressedClassSpaceSize: 1.00 GB
Initial GC threshold: 21.00 MB
Current GC threshold: 21.00 MB
CDS: on
MetaspaceReclaimPolicy: balanced
 - commit_granule_bytes: 65536.
 - commit_granule_words: 8192.
 - virtual_space_node_default_size: 8388608.
 - enlarge_chunks_in_place: 1.
 - new_chunks_are_fully_committed: 0.
 - uncommit_free_chunks: 1.
 - use_allocation_guard: 0.


Internal statistics:

num_allocs_failed_limit: 0.
num_arena_births: 268.
num_arena_deaths: 0.
num_vsnodes_births: 2.
num_vsnodes_deaths: 0.
num_space_committed: 225.
num_space_uncommitted: 0.
num_chunks_returned_to_freelist: 0.
num_chunks_taken_from_freelist: 719.
num_chunk_merges: 0.
num_chunk_splits: 513.
num_chunks_enlarged: 384.
num_inconsistent_stats: 0.

CodeHeap 'non-profiled nmethods': size=120000Kb used=1664Kb max_used=1664Kb free=118335Kb
 bounds [0x0000025e07ad0000, 0x0000025e07d40000, 0x0000025e0f000000]
CodeHeap 'profiled nmethods': size=120000Kb used=6716Kb max_used=6716Kb free=113283Kb
 bounds [0x0000025e00000000, 0x0000025e00690000, 0x0000025e07530000]
CodeHeap 'non-nmethods': size=5760Kb used=1275Kb max_used=1315Kb free=4484Kb
 bounds [0x0000025e07530000, 0x0000025e077a0000, 0x0000025e07ad0000]
 total_blobs=4010 nmethods=3522 adapters=398
 compilation: enabled
              stopped_count=0, restarted_count=0
 full_count=0

Compilation events (20 events):
Event: 1.669 Thread 0x0000025e16491440 3516       3       java.util.ArrayList::hashCode (22 bytes)
Event: 1.669 Thread 0x0000025e16491440 nmethod 3516 0x0000025e00689d90 code [0x0000025e00689f60, 0x0000025e0068a2b8]
Event: 1.669 Thread 0x0000025e16491440 3517       3       java.util.ArrayList::hashCodeRange (68 bytes)
Event: 1.669 Thread 0x0000025e16491440 nmethod 3517 0x0000025e0068a410 code [0x0000025e0068a5e0, 0x0000025e0068aa18]
Event: 1.669 Thread 0x0000025e16491440 3519       1       org.apache.maven.model.Profile::setBuild (6 bytes)
Event: 1.670 Thread 0x0000025e16491440 nmethod 3519 0x0000025e07c65790 code [0x0000025e07c65920, 0x0000025e07c65a38]
Event: 1.670 Thread 0x0000025e16491440 3518       1       org.apache.maven.model.Organization::setUrl (6 bytes)
Event: 1.670 Thread 0x0000025e16491440 nmethod 3518 0x0000025e07c65a90 code [0x0000025e07c65c20, 0x0000025e07c65d38]
Event: 1.670 Thread 0x0000025e16491440 3520       1       org.apache.maven.model.IssueManagement::setUrl (6 bytes)
Event: 1.670 Thread 0x0000025e16491440 nmethod 3520 0x0000025e07c65d90 code [0x0000025e07c65f20, 0x0000025e07c66038]
Event: 1.670 Thread 0x0000025e16491440 3521       3       org.apache.maven.model.Model::getDevelopers (23 bytes)
Event: 1.670 Thread 0x0000025e16491440 nmethod 3521 0x0000025e0068ac10 code [0x0000025e0068ade0, 0x0000025e0068b1d8]
Event: 1.670 Thread 0x0000025e16491440 3522       3       org.apache.maven.model.management.DefaultPluginManagementInjector$ManagementModelMerger::mergePlugin_Executions (208 bytes)
Event: 1.672 Thread 0x0000025e16491440 nmethod 3522 0x0000025e0068b310 code [0x0000025e0068b700, 0x0000025e0068d728]
Event: 1.672 Thread 0x0000025e16491440 3523       3       java.lang.Runtime::getRuntime (4 bytes)
Event: 1.672 Thread 0x0000025e16491440 nmethod 3523 0x0000025e0068e110 code [0x0000025e0068e2a0, 0x0000025e0068e398]
Event: 1.672 Thread 0x0000025e16491440 3525       3       java.io.Reader::<init> (27 bytes)
Event: 1.672 Thread 0x0000025e16491440 nmethod 3525 0x0000025e0068e410 code [0x0000025e0068e5c0, 0x0000025e0068e8c8]
Event: 1.673 Thread 0x0000025e16491440 3526       3       org.apache.maven.model.Reporting::getPlugins (23 bytes)
Event: 1.673 Thread 0x0000025e16491440 nmethod 3526 0x0000025e0068ea10 code [0x0000025e0068ebe0, 0x0000025e0068efd8]

GC Heap History (4 events):
Event: 0.523 GC heap before
{Heap before GC invocations=0 (full 0):
 garbage-first heap   total 131072K, used 23552K [0x0000000081400000, 0x0000000100000000)
  region size 1024K, 23 young (23552K), 0 survivors (0K)
 Metaspace       used 5371K, committed 5504K, reserved 1114112K
  class space    used 593K, committed 640K, reserved 1048576K
}
Event: 0.527 GC heap after
{Heap after GC invocations=1 (full 0):
 garbage-first heap   total 131072K, used 3673K [0x0000000081400000, 0x0000000100000000)
  region size 1024K, 3 young (3072K), 3 survivors (3072K)
 Metaspace       used 5371K, committed 5504K, reserved 1114112K
  class space    used 593K, committed 640K, reserved 1048576K
}
Event: 1.061 GC heap before
{Heap before GC invocations=1 (full 0):
 garbage-first heap   total 131072K, used 35417K [0x0000000081400000, 0x0000000100000000)
  region size 1024K, 34 young (34816K), 3 survivors (3072K)
 Metaspace       used 10704K, committed 10944K, reserved 1114112K
  class space    used 1255K, committed 1344K, reserved 1048576K
}
Event: 1.066 GC heap after
{Heap after GC invocations=2 (full 0):
 garbage-first heap   total 131072K, used 6390K [0x0000000081400000, 0x0000000100000000)
  region size 1024K, 3 young (3072K), 3 survivors (3072K)
 Metaspace       used 10704K, committed 10944K, reserved 1114112K
  class space    used 1255K, committed 1344K, reserved 1048576K
}

Dll operation events (12 events):
Event: 0.006 Loaded shared library D:\Programas\Java\jdk-19\bin\java.dll
Event: 0.013 Loaded shared library D:\Programas\Java\jdk-19\bin\jsvml.dll
Event: 0.062 Loaded shared library D:\Programas\Java\jdk-19\bin\zip.dll
Event: 0.064 Loaded shared library D:\Programas\Java\jdk-19\bin\instrument.dll
Event: 0.068 Loaded shared library D:\Programas\Java\jdk-19\bin\net.dll
Event: 0.069 Loaded shared library D:\Programas\Java\jdk-19\bin\nio.dll
Event: 0.071 Loaded shared library D:\Programas\Java\jdk-19\bin\zip.dll
Event: 0.082 Loaded shared library D:\Programas\InteliJ IDEA\IntelliJ IDEA Community Edition 2022.3.2\bin\breakgen64.dll
Event: 0.088 Loaded shared library D:\Programas\Java\jdk-19\bin\extnet.dll
Event: 0.147 Loaded shared library D:\Programas\Java\jdk-19\bin\jimage.dll
Event: 0.182 Loaded shared library C:\Users\Legato\AppData\Local\Temp\jansi-2.4.0-44bfbe4128247b59-jansi.dll
Event: 0.190 Loaded shared library D:\Programas\Java\jdk-19\bin\verify.dll

Deoptimization events (20 events):
Event: 1.607 Thread 0x0000025e77bde770 DEOPT PACKING pc=0x0000025e00231f9f sp=0x000000b9c7cfd010
Event: 1.607 Thread 0x0000025e77bde770 DEOPT UNPACKING pc=0x0000025e07597543 sp=0x000000b9c7cfc4e0 mode 0
Event: 1.628 Thread 0x0000025e77bde770 Uncommon trap: trap_request=0xffffffbe fr.pc=0x0000025e07c561b8 relative=0x0000000000001038
Event: 1.628 Thread 0x0000025e77bde770 Uncommon trap: reason=profile_predicate action=maybe_recompile pc=0x0000025e07c561b8 method=java.util.concurrent.ConcurrentHashMap.putAll(Ljava/util/Map;)V @ 28 c2
Event: 1.628 Thread 0x0000025e77bde770 DEOPT PACKING pc=0x0000025e07c561b8 sp=0x000000b9c7cfd130
Event: 1.628 Thread 0x0000025e77bde770 DEOPT UNPACKING pc=0x0000025e07596da3 sp=0x000000b9c7cfd100 mode 2
Event: 1.630 Thread 0x0000025e77bde770 Uncommon trap: trap_request=0xffffffbe fr.pc=0x0000025e07c561b8 relative=0x0000000000001038
Event: 1.630 Thread 0x0000025e77bde770 Uncommon trap: reason=profile_predicate action=maybe_recompile pc=0x0000025e07c561b8 method=java.util.concurrent.ConcurrentHashMap.putAll(Ljava/util/Map;)V @ 28 c2
Event: 1.630 Thread 0x0000025e77bde770 DEOPT PACKING pc=0x0000025e07c561b8 sp=0x000000b9c7cfd830
Event: 1.630 Thread 0x0000025e77bde770 DEOPT UNPACKING pc=0x0000025e07596da3 sp=0x000000b9c7cfd800 mode 2
Event: 1.630 Thread 0x0000025e77bde770 Uncommon trap: trap_request=0xffffffbe fr.pc=0x0000025e07c561b8 relative=0x0000000000001038
Event: 1.630 Thread 0x0000025e77bde770 Uncommon trap: reason=profile_predicate action=maybe_recompile pc=0x0000025e07c561b8 method=java.util.concurrent.ConcurrentHashMap.putAll(Ljava/util/Map;)V @ 28 c2
Event: 1.630 Thread 0x0000025e77bde770 DEOPT PACKING pc=0x0000025e07c561b8 sp=0x000000b9c7cfd560
Event: 1.630 Thread 0x0000025e77bde770 DEOPT UNPACKING pc=0x0000025e07596da3 sp=0x000000b9c7cfd530 mode 2
Event: 1.630 Thread 0x0000025e77bde770 Uncommon trap: trap_request=0xffffffbe fr.pc=0x0000025e07c561b8 relative=0x0000000000001038
Event: 1.630 Thread 0x0000025e77bde770 Uncommon trap: reason=profile_predicate action=maybe_recompile pc=0x0000025e07c561b8 method=java.util.concurrent.ConcurrentHashMap.putAll(Ljava/util/Map;)V @ 28 c2
Event: 1.630 Thread 0x0000025e77bde770 DEOPT PACKING pc=0x0000025e07c561b8 sp=0x000000b9c7cfd2d0
Event: 1.630 Thread 0x0000025e77bde770 DEOPT UNPACKING pc=0x0000025e07596da3 sp=0x000000b9c7cfd2a0 mode 2
Event: 1.667 Thread 0x0000025e77bde770 DEOPT PACKING pc=0x0000025e000b7441 sp=0x000000b9c7cfd030
Event: 1.667 Thread 0x0000025e77bde770 DEOPT UNPACKING pc=0x0000025e07597543 sp=0x000000b9c7cfc530 mode 0

Classes loaded (20 events):
Event: 1.269 Loading class java/lang/Byte$ByteCache
Event: 1.269 Loading class java/lang/Byte$ByteCache done
Event: 1.274 Loading class sun/invoke/util/ValueConversions$1
Event: 1.274 Loading class sun/invoke/util/ValueConversions$1 done
Event: 1.275 Loading class java/lang/invoke/BoundMethodHandle$Species_LI
Event: 1.275 Loading class java/lang/invoke/BoundMethodHandle$Species_LI done
Event: 1.395 Loading class java/util/LinkedList$ListItr
Event: 1.395 Loading class java/util/LinkedList$ListItr done
Event: 1.415 Loading class java/util/concurrent/locks/ReentrantReadWriteLock$NonfairSync
Event: 1.415 Loading class java/util/concurrent/locks/ReentrantReadWriteLock$Sync
Event: 1.415 Loading class java/util/concurrent/locks/ReentrantReadWriteLock$Sync done
Event: 1.415 Loading class java/util/concurrent/locks/ReentrantReadWriteLock$NonfairSync done
Event: 1.415 Loading class java/util/concurrent/locks/ReentrantReadWriteLock$Sync$ThreadLocalHoldCounter
Event: 1.415 Loading class java/util/concurrent/locks/ReentrantReadWriteLock$Sync$ThreadLocalHoldCounter done
Event: 1.415 Loading class java/util/concurrent/locks/ReentrantReadWriteLock$ReadLock
Event: 1.415 Loading class java/util/concurrent/locks/ReentrantReadWriteLock$ReadLock done
Event: 1.415 Loading class java/util/concurrent/locks/ReentrantReadWriteLock$WriteLock
Event: 1.415 Loading class java/util/concurrent/locks/ReentrantReadWriteLock$WriteLock done
Event: 1.571 Loading class sun/nio/cs/ISO_8859_1$Decoder
Event: 1.571 Loading class sun/nio/cs/ISO_8859_1$Decoder done

Classes unloaded (0 events):
No events

Classes redefined (0 events):
No events

Internal exceptions (20 events):
Event: 1.056 Thread 0x0000025e77bde770 Exception <a 'java/lang/NoSuchMethodError'{0x00000000872d7dc0}: 'java.lang.Object java.lang.invoke.DirectMethodHandle$Holder.invokeStatic(java.lang.Object, java.lang.Object, int)'> (0x00000000872d7dc0) 
thrown [s\open\src\hotspot\share\interpreter\linkResolver.cpp, line 774]
Event: 1.057 Thread 0x0000025e77bde770 Exception <a 'java/lang/NoSuchMethodError'{0x00000000872e4178}: 'void java.lang.invoke.DelegatingMethodHandle$Holder.delegate(java.lang.Object, java.lang.Object, int, java.lang.Object)'> (0x00000000872e4178) 
thrown [s\open\src\hotspot\share\interpreter\linkResolver.cpp, line 774]
Event: 1.058 Thread 0x0000025e77bde770 Exception <a 'java/lang/NoSuchMethodError'{0x00000000872e8a58}: 'int java.lang.invoke.DirectMethodHandle$Holder.invokeSpecial(java.lang.Object, java.lang.Object, java.lang.Object)'> (0x00000000872e8a58) 
thrown [s\open\src\hotspot\share\interpreter\linkResolver.cpp, line 774]
Event: 1.084 Thread 0x0000025e77bde770 Exception <a 'java/lang/NoSuchMethodError'{0x000000008929d900}: 'java.lang.Object java.lang.invoke.DirectMethodHandle$Holder.newInvokeSpecial(java.lang.Object, java.lang.Object, java.lang.Object, java.lang.Object, java.lang.Object, java.lang.Object, java.lang.Object)'> (0x000000008929d900) 
thrown [s\open\src\hotspot\share\interpreter\linkResolver.cpp, line 774]
Event: 1.090 Thread 0x0000025e77bde770 Exception <a 'java/lang/NoSuchMethodError'{0x00000000892daf98}: 'java.lang.Object java.lang.invoke.DirectMethodHandle$Holder.newInvokeSpecial(java.lang.Object, java.lang.Object, java.lang.Object, java.lang.Object, java.lang.Object, java.lang.Object, java.lang.Object, java.lang.Object, java.lang.Object)'> (0x00000000892daf98) 
thrown [s\open\src\hotspot\share\interpreter\linkResolver.cpp, line 774]
Event: 1.103 Thread 0x0000025e77bde770 Exception <a 'java/lang/NoSuchMethodError'{0x000000008918a620}: 'java.lang.Object java.lang.invoke.DirectMethodHandle$Holder.newInvokeSpecial(java.lang.Object, java.lang.Object, java.lang.Object, java.lang.Object, java.lang.Object, java.lang.Object, java.lang.Object, java.lang.Object, java.lang.Object, java.lang.Object, java.lang.Object, java.lang.Object)'> (0x000000008918a620) 
thrown [s\open\src\hotspot\share\interpreter\linkResolver.cpp, line 774]
Event: 1.107 Thread 0x0000025e77bde770 Exception <a 'java/lang/NoSuchMethodError'{0x00000000891d22d8}: 'java.lang.Object java.lang.invoke.DirectMethodHandle$Holder.invokeStatic(java.lang.Object, java.lang.Object, java.lang.Object, java.lang.Object, java.lang.Object, java.lang.Object, java.lang.Object, java.lang.Object, java.lang.Object, java.lang.Object, java.lang.Object, java.lang.Object, java.lang.Object)'> (0x00000000891d22d8) 
thrown [s\open\src\hotspot\share\interpreter\linkResolver.cpp, line 774]
Event: 1.109 Thread 0x0000025e77bde770 Exception <a 'java/lang/NoSuchMethodError'{0x00000000891f1d78}: 'java.lang.Object java.lang.invoke.DirectMethodHandle$Holder.invokeStatic(java.lang.Object, java.lang.Object, java.lang.Object, java.lang.Object, java.lang.Object, java.lang.Object, java.lang.Object, java.lang.Object, java.lang.Object, java.lang.Object, java.lang.Object, java.lang.Object, java.lang.Object, java.lang.Object)'> (0x00000000891f1d78) 
thrown [s\open\src\hotspot\share\interpreter\linkResolver.cpp, line 774]
Event: 1.111 Thread 0x0000025e77bde770 Exception <a 'java/lang/NoSuchMethodError'{0x00000000890136b8}: 'java.lang.Object java.lang.invoke.DirectMethodHandle$Holder.invokeStatic(java.lang.Object, java.lang.Object, java.lang.Object, java.lang.Object, java.lang.Object, java.lang.Object, java.lang.Object, java.lang.Object, java.lang.Object, java.lang.Object, java.lang.Object, java.lang.Object, java.lang.Object, java.lang.Object, java.lang.Object)'> (0x00000000890136b8) 
thrown [s\open\src\hotspot\share\interpreter\linkResolver.cpp, line 774]
Event: 1.126 Thread 0x0000025e77bde770 Exception <a 'java/lang/NoSuchMethodError'{0x000000008908b5a8}: 'java.lang.Object java.lang.invoke.DirectMethodHandle$Holder.invokeStaticInit(java.lang.Object, int, int, int, int)'> (0x000000008908b5a8) 
thrown [s\open\src\hotspot\share\interpreter\linkResolver.cpp, line 774]
Event: 1.209 Thread 0x0000025e77bde770 Implicit null exception at 0x0000025e07b9a4f2 to 0x0000025e07b9a9d4
Event: 1.209 Thread 0x0000025e77bde770 Implicit null exception at 0x0000025e07b16472 to 0x0000025e07b16944
Event: 1.221 Thread 0x0000025e77bde770 Implicit null exception at 0x0000025e07b8681e to 0x0000025e07b869dc
Event: 1.274 Thread 0x0000025e77bde770 Exception <a 'java/lang/NoSuchMethodError'{0x0000000088869f30}: 'void java.lang.invoke.DirectMethodHandle$Holder.invokeVirtual(java.lang.Object, java.lang.Object, int)'> (0x0000000088869f30) 
thrown [s\open\src\hotspot\share\interpreter\linkResolver.cpp, line 774]
Event: 1.275 Thread 0x0000025e77bde770 Exception <a 'java/lang/NoSuchMethodError'{0x000000008886e348}: 'int java.lang.invoke.DirectMethodHandle$Holder.invokeSpecial(java.lang.Object, java.lang.Object, java.lang.Object, int)'> (0x000000008886e348) 
thrown [s\open\src\hotspot\share\interpreter\linkResolver.cpp, line 774]
Event: 1.276 Thread 0x0000025e77bde770 Exception <a 'java/lang/NoSuchMethodError'{0x000000008887e750}: 'java.lang.Object java.lang.invoke.DirectMethodHandle$Holder.invokeStatic(java.lang.Object, java.lang.Object, java.lang.Object, java.lang.Object, int)'> (0x000000008887e750) 
thrown [s\open\src\hotspot\share\interpreter\linkResolver.cpp, line 774]
Event: 1.277 Thread 0x0000025e77bde770 Exception <a 'java/lang/NoSuchMethodError'{0x000000008888a278}: 'void java.lang.invoke.DelegatingMethodHandle$Holder.reinvoke_L(java.lang.Object, java.lang.Object, int)'> (0x000000008888a278) 
thrown [s\open\src\hotspot\share\interpreter\linkResolver.cpp, line 774]
Event: 1.445 Thread 0x0000025e77bde770 Implicit null exception at 0x0000025e07bd53b9 to 0x0000025e07bd68e0
Event: 1.445 Thread 0x0000025e77bde770 Implicit null exception at 0x0000025e07b6076a to 0x0000025e07b60918
Event: 1.445 Thread 0x0000025e77bde770 Implicit null exception at 0x0000025e07bd16bb to 0x0000025e07bd1e60

VM Operations (20 events):
Event: 1.116 Executing VM operation: HandshakeAllThreads
Event: 1.117 Executing VM operation: HandshakeAllThreads done
Event: 1.138 Executing VM operation: HandshakeAllThreads
Event: 1.138 Executing VM operation: HandshakeAllThreads done
Event: 1.164 Executing VM operation: HandshakeAllThreads
Event: 1.164 Executing VM operation: HandshakeAllThreads done
Event: 1.191 Executing VM operation: HandshakeAllThreads
Event: 1.191 Executing VM operation: HandshakeAllThreads done
Event: 1.290 Executing VM operation: ICBufferFull
Event: 1.290 Executing VM operation: ICBufferFull done
Event: 1.415 Executing VM operation: HandshakeAllThreads
Event: 1.415 Executing VM operation: HandshakeAllThreads done
Event: 1.415 Executing VM operation: HandshakeAllThreads
Event: 1.415 Executing VM operation: HandshakeAllThreads done
Event: 1.464 Executing VM operation: ICBufferFull
Event: 1.464 Executing VM operation: ICBufferFull done
Event: 1.570 Executing VM operation: HandshakeAllThreads
Event: 1.570 Executing VM operation: HandshakeAllThreads done
Event: 1.579 Executing VM operation: ICBufferFull
Event: 1.579 Executing VM operation: ICBufferFull done

Events (15 events):
Event: 0.013 Thread 0x0000025e77bde770 Thread added: 0x0000025e77bde770
Event: 0.025 Thread 0x0000025e1647a990 Thread added: 0x0000025e1647a990
Event: 0.026 Thread 0x0000025e1647b920 Thread added: 0x0000025e1647b920
Event: 0.026 Thread 0x0000025e1647f0c0 Thread added: 0x0000025e1647f0c0
Event: 0.026 Thread 0x0000025e16480ba0 Thread added: 0x0000025e16480ba0
Event: 0.026 Thread 0x0000025e164814d0 Thread added: 0x0000025e164814d0
Event: 0.026 Thread 0x0000025e16482280 Thread added: 0x0000025e16482280
Event: 0.026 Thread 0x0000025e16487910 Thread added: 0x0000025e16487910
Event: 0.026 Thread 0x0000025e16491440 Thread added: 0x0000025e16491440
Event: 0.026 Thread 0x0000025e1649c590 Thread added: 0x0000025e1649c590
Event: 0.045 Thread 0x0000025e1644bfe0 Thread added: 0x0000025e1644bfe0
Event: 0.083 Thread 0x0000025e1a9f94c0 Thread added: 0x0000025e1a9f94c0
Event: 0.083 Thread 0x0000025e1a9f9e00 Thread added: 0x0000025e1a9f9e00
Event: 0.260 Thread 0x0000025e1ad15fa0 Thread added: 0x0000025e1ad15fa0
Event: 0.483 Thread 0x0000025e1b35b060 Thread added: 0x0000025e1b35b060


Dynamic libraries:
0x00007ff787500000 - 0x00007ff787510000 	D:\Programas\Java\jdk-19\bin\java.exe
0x00007ffcb4010000 - 0x00007ffcb4208000 	C:\Windows\SYSTEM32\ntdll.dll
0x00007ffcb2130000 - 0x00007ffcb21ef000 	C:\Windows\System32\KERNEL32.DLL
0x00007ffcb1700000 - 0x00007ffcb19d2000 	C:\Windows\System32\KERNELBASE.dll
0x00007ffcb1ec0000 - 0x00007ffcb1fc0000 	C:\Windows\System32\ucrtbase.dll
0x00007ffcad250000 - 0x00007ffcad268000 	D:\Programas\Java\jdk-19\bin\jli.dll
0x00007ffca7b70000 - 0x00007ffca7b8b000 	D:\Programas\Java\jdk-19\bin\VCRUNTIME140.dll
0x00007ffcb3f20000 - 0x00007ffcb3fce000 	C:\Windows\System32\ADVAPI32.dll
0x00007ffcb3d90000 - 0x00007ffcb3e2e000 	C:\Windows\System32\msvcrt.dll
0x00007ffcb2250000 - 0x00007ffcb22ec000 	C:\Windows\System32\sechost.dll
0x00007ffcb2410000 - 0x00007ffcb2535000 	C:\Windows\System32\RPCRT4.dll
0x00007ffcb2b20000 - 0x00007ffcb2cc1000 	C:\Windows\System32\USER32.dll
0x00007ffcb1a30000 - 0x00007ffcb1a52000 	C:\Windows\System32\win32u.dll
0x00007ffca1d90000 - 0x00007ffca202a000 	C:\Windows\WinSxS\amd64_microsoft.windows.common-controls_6595b64144ccf1df_6.0.19041.1110_none_60b5254171f9507e\COMCTL32.dll
0x00007ffcb2100000 - 0x00007ffcb212b000 	C:\Windows\System32\GDI32.dll
0x00007ffcb1ce0000 - 0x00007ffcb1def000 	C:\Windows\System32\gdi32full.dll
0x00007ffcb1e20000 - 0x00007ffcb1ebd000 	C:\Windows\System32\msvcp_win.dll
0x00007ffcaace0000 - 0x00007ffcaacea000 	C:\Windows\SYSTEM32\VERSION.dll
0x00007ffcb2210000 - 0x00007ffcb2242000 	C:\Windows\System32\IMM32.DLL
0x00007ffcad300000 - 0x00007ffcad30c000 	D:\Programas\Java\jdk-19\bin\vcruntime140_1.dll
0x00007ffca7ae0000 - 0x00007ffca7b6e000 	D:\Programas\Java\jdk-19\bin\msvcp140.dll
0x00007ffc7bf70000 - 0x00007ffc7cc30000 	D:\Programas\Java\jdk-19\bin\server\jvm.dll
0x00007ffca8f00000 - 0x00007ffca8f27000 	C:\Windows\SYSTEM32\WINMM.dll
0x00007ffc9f210000 - 0x00007ffc9f219000 	C:\Windows\SYSTEM32\WSOCK32.dll
0x00007ffcb3e30000 - 0x00007ffcb3e9b000 	C:\Windows\System32\WS2_32.dll
0x00007ffcaf500000 - 0x00007ffcaf512000 	C:\Windows\SYSTEM32\kernel.appcore.dll
0x00007ffcaa870000 - 0x00007ffcaa87a000 	D:\Programas\Java\jdk-19\bin\jimage.dll
0x00007ffcabc20000 - 0x00007ffcabe04000 	C:\Windows\SYSTEM32\DBGHELP.DLL
0x00007ffca2660000 - 0x00007ffca2695000 	C:\Windows\SYSTEM32\dbgcore.DLL
0x00007ffcb1fc0000 - 0x00007ffcb2042000 	C:\Windows\System32\bcryptPrimitives.dll
0x00007ffc9f730000 - 0x00007ffc9f73e000 	D:\Programas\Java\jdk-19\bin\instrument.dll
0x00007ffca7ab0000 - 0x00007ffca7ad6000 	D:\Programas\Java\jdk-19\bin\java.dll
0x00007ffc9b630000 - 0x00007ffc9b707000 	D:\Programas\Java\jdk-19\bin\jsvml.dll
0x00007ffcb34d0000 - 0x00007ffcb3c15000 	C:\Windows\System32\SHELL32.dll
0x00007ffcaf7e0000 - 0x00007ffcaff72000 	C:\Windows\SYSTEM32\windows.storage.dll
0x00007ffcb2540000 - 0x00007ffcb2895000 	C:\Windows\System32\combase.dll
0x00007ffcb1080000 - 0x00007ffcb10b0000 	C:\Windows\SYSTEM32\Wldp.dll
0x00007ffcb2050000 - 0x00007ffcb20fd000 	C:\Windows\System32\SHCORE.dll
0x00007ffcb3000000 - 0x00007ffcb3055000 	C:\Windows\System32\shlwapi.dll
0x00007ffcb1640000 - 0x00007ffcb165f000 	C:\Windows\SYSTEM32\profapi.dll
0x00007ffca7a50000 - 0x00007ffca7a68000 	D:\Programas\Java\jdk-19\bin\zip.dll
0x00007ffca7a90000 - 0x00007ffca7aa3000 	D:\Programas\Java\jdk-19\bin\net.dll
0x00007ffcaa6c0000 - 0x00007ffcaa7cc000 	C:\Windows\SYSTEM32\WINHTTP.dll
0x00007ffcb0de0000 - 0x00007ffcb0e4a000 	C:\Windows\system32\mswsock.dll
0x00007ffca7a70000 - 0x00007ffca7a86000 	D:\Programas\Java\jdk-19\bin\nio.dll
0x00007ffc9e780000 - 0x00007ffc9e79a000 	D:\Programas\InteliJ IDEA\IntelliJ IDEA Community Edition 2022.3.2\bin\breakgen64.dll
0x00007ffca7d40000 - 0x00007ffca7d48000 	D:\Programas\Java\jdk-19\bin\extnet.dll
0x0000000069ac0000 - 0x0000000069ae4000 	C:\Users\Legato\AppData\Local\Temp\jansi-2.4.0-44bfbe4128247b59-jansi.dll
0x00007ffc9f740000 - 0x00007ffc9f750000 	D:\Programas\Java\jdk-19\bin\verify.dll

dbghelp: loaded successfully - version: 4.0.5 - missing functions: none
symbol engine: initialized successfully - sym options: 0x614 - pdb path: .;D:\Programas\Java\jdk-19\bin;C:\Windows\SYSTEM32;C:\Windows\WinSxS\amd64_microsoft.windows.common-controls_6595b64144ccf1df_6.0.19041.1110_none_60b5254171f9507e;D:\Programas\Java\jdk-19\bin\server;D:\Programas\InteliJ IDEA\IntelliJ IDEA Community Edition 2022.3.2\bin;C:\Users\Legato\AppData\Local\Temp

VM Arguments:
jvm_args: -Dmaven.multiModuleProjectDirectory=D:\Programas\Java\Spring Boot\Proyectos\curso -Djansi.passthrough=true -Dmaven.home=C:\Users\Legato\.m2\wrapper\dists\apache-maven-3.8.7-bin\1ktonn2lleg549uah6ngl1r74r\apache-maven-3.8.7 -Dclassworlds.conf=C:\Users\Legato\.m2\wrapper\dists\apache-maven-3.8.7-bin\1ktonn2lleg549uah6ngl1r74r\apache-maven-3.8.7\bin\m2.conf -Dmaven.ext.class.path=D:\Programas\InteliJ IDEA\IntelliJ IDEA Community Edition 2022.3.2\plugins\maven\lib\maven-event-listener.jar -javaagent:D:\Programas\InteliJ IDEA\IntelliJ IDEA Community Edition 2022.3.2\lib\idea_rt.jar=65292:D:\Programas\InteliJ IDEA\IntelliJ IDEA Community Edition 2022.3.2\bin -Dfile.encoding=UTF-8 -Dsun.stdout.encoding=UTF-8 -Dsun.stderr.encoding=UTF-8 
java_command: org.codehaus.classworlds.Launcher -Didea.version=2022.3.2 org.springframework.boot:spring-boot-maven-plugin:2.7.9:run
java_class_path (initial): C:\Users\Legato\.m2\wrapper\dists\apache-maven-3.8.7-bin\1ktonn2lleg549uah6ngl1r74r\apache-maven-3.8.7\boot\plexus-classworlds-2.6.0.jar;C:\Users\Legato\.m2\wrapper\dists\apache-maven-3.8.7-bin\1ktonn2lleg549uah6ngl1r74r\apache-maven-3.8.7\boot\plexus-classworlds.license
Launcher Type: SUN_STANDARD

[Global flags]
     intx CICompilerCount                          = 4                                         {product} {ergonomic}
     uint ConcGCThreads                            = 2                                         {product} {ergonomic}
     uint G1ConcRefinementThreads                  = 8                                         {product} {ergonomic}
   size_t G1HeapRegionSize                         = 1048576                                   {product} {ergonomic}
    uintx GCDrainStackTargetSize                   = 64                                        {product} {ergonomic}
   size_t InitialHeapSize                          = 134217728                                 {product} {ergonomic}
   size_t MarkStackSize                            = 4194304                                   {product} {ergonomic}
   size_t MaxHeapSize                              = 2126512128                                {product} {ergonomic}
   size_t MaxNewSize                               = 1275068416                                {product} {ergonomic}
   size_t MinHeapDeltaBytes                        = 1048576                                   {product} {ergonomic}
   size_t MinHeapSize                              = 8388608                                   {product} {ergonomic}
    uintx NonNMethodCodeHeapSize                   = 5839372                                {pd product} {ergonomic}
    uintx NonProfiledCodeHeapSize                  = 122909434                              {pd product} {ergonomic}
    uintx ProfiledCodeHeapSize                     = 122909434                              {pd product} {ergonomic}
    uintx ReservedCodeCacheSize                    = 251658240                              {pd product} {ergonomic}
     bool SegmentedCodeCache                       = true                                      {product} {ergonomic}
   size_t SoftMaxHeapSize                          = 2126512128                             {manageable} {ergonomic}
     bool UseCompressedClassPointers               = true                           {product lp64_product} {ergonomic}
     bool UseCompressedOops                        = true                           {product lp64_product} {ergonomic}
     bool UseG1GC                                  = true                                      {product} {ergonomic}
     bool UseLargePagesIndividualAllocation        = false                                  {pd product} {ergonomic}

Logging:
Log output configuration:
 #0: stdout all=warning uptime,level,tags foldmultilines=false
 #1: stderr all=off uptime,level,tags foldmultilines=false

Environment Variables:
JAVA_HOME=D:\Programas\Java\jdk-19
PATH=C:\Program Files\Common Files\Oracle\Java\javapath;C:\Windows\system32;C:\Windows;C:\Windows\System32\Wbem;C:\Windows\System32\WindowsPowerShell\v1.0\;C:\Windows\System32\OpenSSH\;D:\Programas\Node\;D:\Programas\Git\cmd;D:\Programas\laragon\bin\php\php-8.1.10-Win32-vs16-x64;C:\ProgramData\ComposerSetup\bin;D:\Programas\Java\apache-maven-3.9.0\bin;D:\Programas\Java\jdk-19\bin;C:\Users\Legato\AppData\Local\Microsoft\WindowsApps;C:\Users\Legato\AppData\Roaming\npm;C:\Users\Legato\AppData\Roaming\Composer\vendor\bin;C:\Program Files\Azure Data Studio\bin;D:\Programas\MongoDB\mongosh-1.7.1\bin;D:\Programas\MongoDB\bin;
USERNAME=Legato
OS=Windows_NT
PROCESSOR_IDENTIFIER=AMD64 Family 23 Model 1 Stepping 1, AuthenticAMD
TMP=C:\Users\Legato\AppData\Local\Temp
TEMP=C:\Users\Legato\AppData\Local\Temp



---------------  S Y S T E M  ---------------

OS:
 Windows 10 , 64 bit Build 19041 (10.0.19041.2546)
OS uptime: 2 days 15:40 hours

CPU: total 8 (initial active 8) (8 cores per cpu, 2 threads per core) family 23 model 1 stepping 1 microcode 0x0, cx8, cmov, fxsr, ht, mmx, 3dnowpref, sse, sse2, sse3, ssse3, sse4a, sse4.1, sse4.2, popcnt, lzcnt, tsc, tscinvbit, avx, avx2, aes, clmul, bmi1, bmi2, adx, sha, fma, vzeroupper, clflush, clflushopt, rdtscp

Memory: 4k page, system-wide physical 8105M (2052M free)
TotalPageFile size 15083M (AvailPageFile size 3047M)
current process WorkingSet (physical memory assigned to process): 152M, peak: 152M
current process commit charge ("private bytes"): 259M, peak: 260M

vm_info: Java HotSpot(TM) 64-Bit Server VM (19.0.1+10-21) for windows-amd64 JRE (19.0.1+10-21), built on 2022-09-14T12:45:06Z by "mach5one" with MS VC++ 17.1 (VS2022)

END.
